#
# There is insufficient memory for the Java Runtime Environment to continue.
# Native memory allocation (mmap) failed to map 130023424 bytes for Failed to commit area from 0x0000000084e00000 to 0x000000008ca00000 of length 130023424.
# Possible reasons:
#   The system is out of physical RAM or swap space
#   The process is running with CompressedOops enabled, and the Java Heap may be blocking the growth of the native heap
# Possible solutions:
#   Reduce memory load on the system
#   Increase physical memory or swap space
#   Check if swap backing store is full
#   Decrease Java heap size (-Xmx/-Xms)
#   Decrease number of Java threads
#   Decrease Java thread stack sizes (-Xss)
#   Set larger code cache with -XX:ReservedCodeCacheSize=
#   JVM is running with Unscaled Compressed Oops mode in which the Java heap is
#     placed in the first 4GB address space. The Java Heap base address is the
#     maximum limit for the native heap growth. Please use -XX:HeapBaseMinAddress
#     to set the Java Heap base and to place the Java Heap above 4GB virtual address.
# This output file may be truncated or incomplete.
#
#  Out of Memory Error (./open/src/hotspot/os/windows/os_windows.cpp:3315), pid=4772, tid=32
#
# JRE version:  (14.0.1+7) (build )
# Java VM: Java HotSpot(TM) 64-Bit Server VM (14.0.1+7, mixed mode, sharing, tiered, compressed oops, g1 gc, windows-amd64)
# No core dump will be written. Minidumps are not enabled by default on client versions of Windows
#

---------------  S U M M A R Y ------------

Command Line: -ea -Dfile.encoding=Cp1252 org.testng.remote.RemoteTestNG -serport 50084 -protocol json -d C:\Users\LENOVO\eclipse-workspace\BennettWebFramework\test-output C:\Users\LENOVO\AppData\Local\Temp\testng-eclipse--1881736763\testng-customsuite.xml

Host: Intel(R) Core(TM) i5-4300U CPU @ 1.90GHz, 4 cores, 7G,  Windows 10 , 64 bit Build 18362 (10.0.18362.329)
Time: Sun May 10 18:59:25 2020 India Standard Time elapsed time: 0 seconds (0d 0h 0m 0s)

---------------  T H R E A D  ---------------

Current thread (0x00000206a08fe800):  JavaThread "Unknown thread" [_thread_in_vm, id=32, stack(0x0000006d3e500000,0x0000006d3e600000)]

Stack: [0x0000006d3e500000,0x0000006d3e600000]
Native frames: (J=compiled Java code, j=interpreted, Vv=VM code, C=native code)
V  [jvm.dll+0x5f840a]
V  [jvm.dll+0x741e4a]
V  [jvm.dll+0x7435ff]
V  [jvm.dll+0x743c43]
V  [jvm.dll+0x20d288]
V  [jvm.dll+0x5f57ba]
V  [jvm.dll+0x5ea615]
V  [jvm.dll+0x2c7e9c]
V  [jvm.dll+0x2c7cd2]
V  [jvm.dll+0x2cdbbc]
V  [jvm.dll+0x313ff8]
V  [jvm.dll+0x313720]
V  [jvm.dll+0x2a092a]
V  [jvm.dll+0x2a1a79]
V  [jvm.dll+0x71f718]
V  [jvm.dll+0x321c44]
V  [jvm.dll+0x700b0c]
V  [jvm.dll+0x392dff]
V  [jvm.dll+0x394e71]
C  [jli.dll+0x523b]
C  [ucrtbase.dll+0x20e72]
C  [KERNEL32.DLL+0x17bd4]
C  [ntdll.dll+0x6ced1]


---------------  P R O C E S S  ---------------

Threads class SMR info:
_java_thread_list=0x00007ffa2c113078, length=0, elements={
}

Java Threads: ( => current thread )

Other Threads:
  0x00000206a0940000 GCTaskThread "GC Thread#0" [stack: 0x0000006d3e600000,0x0000006d3e700000] [id=11992]
  0x00000206a0955800 ConcurrentGCThread "G1 Main Marker" [stack: 0x0000006d3e700000,0x0000006d3e800000] [id=7540]
  0x00000206a0956800 ConcurrentGCThread "G1 Conc#0" [stack: 0x0000006d3e800000,0x0000006d3e900000] [id=10248]

[error occurred during error reporting (printing all threads), id 0xc0000005, EXCEPTION_ACCESS_VIOLATION (0xc0000005) at pc=0x00007ffa2b941257]

VM state:not at safepoint (not fully initialized)

VM Mutex/Monitor currently owned by a thread:  ([mutex/lock_event])
[0x00000206a08fa6d0] Heap_lock - owner thread: 0x00000206a08fe800

Heap address: 0x0000000084e00000, size: 1970 MB, Compressed Oops mode: 32-bit
Narrow klass base: 0x0000000000000000, Narrow klass shift: 0

GC Heap History (0 events):
No events

Deoptimization events (0 events):
No events

Classes unloaded (0 events):
No events

Classes redefined (0 events):
No events

Internal exceptions (0 events):
No events

Events (2 events):
Event: 0.014 Loaded shared library C:\Program Files\Java\jdk-14.0.1\bin\java.dll
Event: 0.014 Loaded shared library C:\Program Files\Java\jdk-14.0.1\bin\zip.dll


Dynamic libraries:
0x00007ff609710000 - 0x00007ff60971f000 	C:\Program Files\Java\jdk-14.0.1\bin\javaw.exe
0x00007ffa78740000 - 0x00007ffa78930000 	C:\Windows\SYSTEM32\ntdll.dll
0x00007ffa710d0000 - 0x00007ffa710e3000 	C:\Program Files\AVG\Antivirus\aswhook.dll
0x00007ffa78640000 - 0x00007ffa786f2000 	C:\Windows\System32\KERNEL32.DLL
0x00007ffa75c90000 - 0x00007ffa75f33000 	C:\Windows\System32\KERNELBASE.dll
0x00007ffa756d0000 - 0x00007ffa757ca000 	C:\Windows\System32\ucrtbase.dll
0x00007ffa56310000 - 0x00007ffa56328000 	C:\Program Files\Java\jdk-14.0.1\bin\jli.dll
0x00007ffa77a00000 - 0x00007ffa77aa3000 	C:\Windows\System32\ADVAPI32.dll
0x00007ffa78400000 - 0x00007ffa7849e000 	C:\Windows\System32\msvcrt.dll
0x00007ffa767f0000 - 0x00007ffa76887000 	C:\Windows\System32\sechost.dll
0x00007ffa76d90000 - 0x00007ffa76eb0000 	C:\Windows\System32\RPCRT4.dll
0x00007ffa784a0000 - 0x00007ffa78634000 	C:\Windows\System32\USER32.dll
0x00007ffa75a30000 - 0x00007ffa75a51000 	C:\Windows\System32\win32u.dll
0x00007ffa76a20000 - 0x00007ffa76a46000 	C:\Windows\System32\GDI32.dll
0x00007ffa75870000 - 0x00007ffa75a04000 	C:\Windows\System32\gdi32full.dll
0x00007ffa757d0000 - 0x00007ffa7586e000 	C:\Windows\System32\msvcp_win.dll
0x00007ffa37d20000 - 0x00007ffa37d35000 	C:\Program Files\Java\jdk-14.0.1\bin\VCRUNTIME140.dll
0x00007ffa62d70000 - 0x00007ffa62ff5000 	C:\Windows\WinSxS\amd64_microsoft.windows.common-controls_6595b64144ccf1df_6.0.18362.720_none_e6beb5c51314836b\COMCTL32.dll
0x00007ffa76a50000 - 0x00007ffa76d86000 	C:\Windows\System32\combase.dll
0x00007ffa75f40000 - 0x00007ffa75fc0000 	C:\Windows\System32\bcryptPrimitives.dll
0x00007ffa6d8e0000 - 0x00007ffa6d8ea000 	C:\Windows\SYSTEM32\VERSION.dll
0x00007ffa77ab0000 - 0x00007ffa77ade000 	C:\Windows\System32\IMM32.DLL
0x00007ffa37c80000 - 0x00007ffa37d1b000 	C:\Program Files\Java\jdk-14.0.1\bin\msvcp140.dll
0x00007ffa2b690000 - 0x00007ffa2c1ae000 	C:\Program Files\Java\jdk-14.0.1\bin\server\jvm.dll
0x00007ffa78030000 - 0x00007ffa78038000 	C:\Windows\System32\PSAPI.DLL
0x00007ffa673d0000 - 0x00007ffa673d9000 	C:\Windows\SYSTEM32\WSOCK32.dll
0x00007ffa78390000 - 0x00007ffa783ff000 	C:\Windows\System32\WS2_32.dll
0x00007ffa72150000 - 0x00007ffa72174000 	C:\Windows\SYSTEM32\WINMM.dll
0x00007ffa72120000 - 0x00007ffa7214d000 	C:\Windows\SYSTEM32\WINMMBASE.dll
0x00007ffa76020000 - 0x00007ffa7606a000 	C:\Windows\System32\cfgmgr32.dll
0x00007ffa75640000 - 0x00007ffa75651000 	C:\Windows\System32\kernel.appcore.dll
0x00007ffa563d0000 - 0x00007ffa563da000 	C:\Program Files\Java\jdk-14.0.1\bin\jimage.dll
0x00007ffa6d360000 - 0x00007ffa6d554000 	C:\Windows\SYSTEM32\DBGHELP.DLL
0x00007ffa6d2a0000 - 0x00007ffa6d2ca000 	C:\Windows\SYSTEM32\dbgcore.DLL
0x00007ffa35a90000 - 0x00007ffa35ab5000 	C:\Program Files\Java\jdk-14.0.1\bin\java.dll
0x00007ffa35900000 - 0x00007ffa35916000 	C:\Program Files\Java\jdk-14.0.1\bin\zip.dll

dbghelp: loaded successfully - version: 4.0.5 - missing functions: none
symbol engine: initialized successfully - sym options: 0x614 - pdb path: .;C:\Program Files\Java\jdk-14.0.1\bin;C:\Windows\SYSTEM32;C:\Program Files\AVG\Antivirus;C:\Windows\WinSxS\amd64_microsoft.windows.common-controls_6595b64144ccf1df_6.0.18362.720_none_e6beb5c51314836b;C:\Program Files\Java\jdk-14.0.1\bin\server

VM Arguments:
jvm_args: -ea -Dfile.encoding=Cp1252 
java_command: org.testng.remote.RemoteTestNG -serport 50084 -protocol json -d C:\Users\LENOVO\eclipse-workspace\BennettWebFramework\test-output C:\Users\LENOVO\AppData\Local\Temp\testng-eclipse--1881736763\testng-customsuite.xml
java_class_path (initial): C:\Users\LENOVO\eclipse\jee-2020-03\eclipse\configuration\org.eclipse.osgi\999\0\.cp\lib\testng-remote.jar;C:\Users\LENOVO\eclipse-workspace\BennettWebFramework\target\test-classes;C:\Users\LENOVO\eclipse-workspace\BennettWebFramework\target\classes;C:\Users\LENOVO\.p2\pool\plugins\org.testng_7.1.0.r202001120626.jar;C:\Users\LENOVO\.p2\pool\plugins\com.beust.jcommander_1.72.0.jar;C:\Users\LENOVO\.p2\pool\plugins\org.apache-extras.beanshell.bsh_2.0.0.b6.jar;C:\Users\LENOVO\.p2\pool\plugins\org.yaml.snakeyaml_1.21.0.jar;C:\Users\LENOVO\.m2\repository\org\seleniumhq\selenium\selenium-java\3.14.0\selenium-java-3.14.0.jar;C:\Users\LENOVO\.m2\repository\org\seleniumhq\selenium\selenium-api\3.14.0\selenium-api-3.14.0.jar;C:\Users\LENOVO\.m2\repository\org\seleniumhq\selenium\selenium-chrome-driver\3.14.0\selenium-chrome-driver-3.14.0.jar;C:\Users\LENOVO\.m2\repository\org\seleniumhq\selenium\selenium-edge-driver\3.14.0\selenium-edge-driver-3.14.0.jar;C:\Users\LENOVO\.m2\repository\org\seleniumhq\selenium\selenium-firefox-driver\3.14.0\selenium-firefox-driver-3.14.0.jar;C:\Users\LENOVO\.m2\repository\org\seleniumhq\selenium\selenium-ie-driver\3.14.0\selenium-ie-driver-3.14.0.jar;C:\Users\LENOVO\.m2\repository\org\seleniumhq\selenium\selenium-opera-driver\3.14.0\selenium-opera-driver-3.14.0.jar;C:\Users\LENOVO\.m2\repository\org\seleniumhq\selenium\selenium-remote-driver\3.14.0\selenium-remote-driver-3.14.0.jar;C:\Users\LENOVO\.m2\repository\org\seleniumhq\selenium\selenium-safari-driver\3.14.0\selenium-safari-driver-3.14.0.jar;C:\Users\LENOVO\.m2\repository\org\seleniumhq\selenium\selenium-support\3.14.0\selenium-support-3.14.0.jar;C:\Users\LENOVO\.m2\repository\net\bytebuddy\byte-buddy\1.8.15\byte-buddy-1.8.15.jar;C:\Users\LENOVO\.m2\repository\org\apache\commons\commons-exec\1.3\commons-exec-1.3.jar;C:\Users\LENOVO\.m2\repository\commons-codec\commons-codec\1.10\commons-codec-1.10.jar;C:\Users\LENOVO\.m2\repository\commons-logging\commons-logg
Launcher Type: SUN_STANDARD

[Global flags]
     intx CICompilerCount                          = 3                                         {product} {ergonomic}
     uint ConcGCThreads                            = 1                                         {product} {ergonomic}
     uint G1ConcRefinementThreads                  = 4                                         {product} {ergonomic}
   size_t G1HeapRegionSize                         = 1048576                                   {product} {ergonomic}
    uintx GCDrainStackTargetSize                   = 64                                        {product} {ergonomic}
   size_t InitialHeapSize                          = 130023424                                 {product} {ergonomic}
   size_t MarkStackSize                            = 4194304                                   {product} {ergonomic}
   size_t MaxHeapSize                              = 2065694720                                {product} {ergonomic}
   size_t MinHeapDeltaBytes                        = 1048576                                   {product} {ergonomic}
   size_t MinHeapSize                              = 8388608                                   {product} {ergonomic}
    uintx NonNMethodCodeHeapSize                   = 5832780                                {pd product} {ergonomic}
    uintx NonProfiledCodeHeapSize                  = 122912730                              {pd product} {ergonomic}
    uintx ProfiledCodeHeapSize                     = 122912730                              {pd product} {ergonomic}
    uintx ReservedCodeCacheSize                    = 251658240                              {pd product} {ergonomic}
     bool SegmentedCodeCache                       = true                                      {product} {ergonomic}
   size_t SoftMaxHeapSize                          = 2065694720                             {manageable} {ergonomic}
     bool UseCompressedClassPointers               = true                                 {lp64_product} {ergonomic}
     bool UseCompressedOops                        = true                                 {lp64_product} {ergonomic}
     bool UseG1GC                                  = true                                      {product} {ergonomic}
     bool UseLargePagesIndividualAllocation        = false                                  {pd product} {ergonomic}

Logging:
Log output configuration:
 #0: stdout all=warning uptime,level,tags
 #1: stderr all=off uptime,level,tags

Environment Variables:
JAVA_HOME=C:\Program Files\Java\jdk-14.0.1
PATH=C:\Program Files (x86)\Common Files\Oracle\Java\javapath;C:\Windows\system32;C:\Windows;C:\Windows\System32\Wbem;C:\Windows\System32\WindowsPowerShell\v1.0\;C:\Windows\System32\OpenSSH\;C:\Program Files\Java\jdk-14\bin;C:\Program Files\nodejs\;C:\Program Files\Git\cmd;C:\Program Files\Java\jdk-14.0.1\bin;C:\Program Files\Java\jre1.8.0_251\bin;C:\Program Files\Java\jdk-14\bin;C:\Program Files\Java\jre1.8.0_241\bin
USERNAME=LENOVO
OS=Windows_NT
PROCESSOR_IDENTIFIER=Intel64 Family 6 Model 69 Stepping 1, GenuineIntel



---------------  S Y S T E M  ---------------

OS: Windows 10 , 64 bit Build 18362 (10.0.18362.329)
OS uptime: 0 days 2:56 hours

CPU:total 4 (initial active 4) (2 cores per cpu, 2 threads per core) family 6 model 69 stepping 1, cmov, cx8, fxsr, mmx, sse, sse2, sse3, ssse3, sse4.1, sse4.2, popcnt, avx, avx2, aes, clmul, erms, lzcnt, ht, tsc, tscinvbit, bmi1, bmi2, fma

Memory: 4k page, system-wide physical 7878M (850M free)
TotalPageFile size 21173M (AvailPageFile size 55M)
current process WorkingSet (physical memory assigned to process): 10M, peak: 10M
current process commit charge ("private bytes"): 52M, peak: 176M

vm_info: Java HotSpot(TM) 64-Bit Server VM (14.0.1+7) for windows-amd64 JRE (14.0.1+7), built on Mar  5 2020 10:30:14 by "mach5one" with MS VC++ 15.9 (VS2017)

END.
