#
# There is insufficient memory for the Java Runtime Environment to continue.
# Native memory allocation (mmap) failed to map 130023424 bytes for Failed to commit area from 0x0000000084e00000 to 0x000000008ca00000 of length 130023424.
# Possible reasons:
#   The system is out of physical RAM or swap space
#   The process is running with CompressedOops enabled, and the Java Heap may be blocking the growth of the native heap
# Possible solutions:
#   Reduce memory load on the system
#   Increase physical memory or swap space
#   Check if swap backing store is full
#   Decrease Java heap size (-Xmx/-Xms)
#   Decrease number of Java threads
#   Decrease Java thread stack sizes (-Xss)
#   Set larger code cache with -XX:ReservedCodeCacheSize=
#   JVM is running with Unscaled Compressed Oops mode in which the Java heap is
#     placed in the first 4GB address space. The Java Heap base address is the
#     maximum limit for the native heap growth. Please use -XX:HeapBaseMinAddress
#     to set the Java Heap base and to place the Java Heap above 4GB virtual address.
# This output file may be truncated or incomplete.
#
#  Out of Memory Error (t:/workspace/open/src/hotspot/os/windows/os_windows.cpp:3315), pid=2296, tid=11804
#
# JRE version:  (14.0+36) (build )
# Java VM: Java HotSpot(TM) 64-Bit Server VM (14+36-1461, mixed mode, sharing, tiered, compressed oops, g1 gc, windows-amd64)
# No core dump will be written. Minidumps are not enabled by default on client versions of Windows
#

---------------  S U M M A R Y ------------

Command Line: -ea -Dfile.encoding=Cp1252 org.testng.remote.RemoteTestNG -serport 57210 -protocol json -d C:\Users\LENOVO\eclipse-workspace\BennettWebFramework\test-output C:\Users\LENOVO\AppData\Local\Temp\testng-eclipse-1871883282\testng-customsuite.xml

Host: Intel(R) Core(TM) i5-4300U CPU @ 1.90GHz, 4 cores, 7G,  Windows 10 , 64 bit Build 18362 (10.0.18362.329)
Time: Tue Apr 21 10:03:33 2020 India Standard Time elapsed time: 0 seconds (0d 0h 0m 0s)

---------------  T H R E A D  ---------------

Current thread (0x000002beec3c2800):  JavaThread "Unknown thread" [_thread_in_vm, id=11804, stack(0x000000cc3d100000,0x000000cc3d200000)]

Stack: [0x000000cc3d100000,0x000000cc3d200000]
Native frames: (J=compiled Java code, j=interpreted, Vv=VM code, C=native code)
V  [jvm.dll+0x5f83ea]
V  [jvm.dll+0x741e2a]
V  [jvm.dll+0x7435df]
V  [jvm.dll+0x743c23]
V  [jvm.dll+0x20d268]
V  [jvm.dll+0x5f579a]
V  [jvm.dll+0x5ea5f5]
V  [jvm.dll+0x2c7e7c]
V  [jvm.dll+0x2c7cb2]
V  [jvm.dll+0x2cdb9c]
V  [jvm.dll+0x313fd8]
V  [jvm.dll+0x313700]
V  [jvm.dll+0x2a090a]
V  [jvm.dll+0x2a1a59]
V  [jvm.dll+0x71f6f8]
V  [jvm.dll+0x321c24]
V  [jvm.dll+0x700aec]
V  [jvm.dll+0x392ddf]
V  [jvm.dll+0x394e51]
C  [jli.dll+0x523b]
C  [ucrtbase.dll+0x20e72]
C  [KERNEL32.DLL+0x17bd4]
C  [ntdll.dll+0x6ced1]


---------------  P R O C E S S  ---------------

Threads class SMR info:
_java_thread_list=0x00007ff8629d4078, length=0, elements={
}

Java Threads: ( => current thread )

Other Threads:
  0x000002beec3fe000 GCTaskThread "GC Thread#0" [stack: 0x000000cc3d200000,0x000000cc3d300000] [id=3036]
  0x000002beec410800 ConcurrentGCThread "G1 Main Marker" [stack: 0x000000cc3d300000,0x000000cc3d400000] [id=2912]
  0x000002beec412800 ConcurrentGCThread "G1 Conc#0" [stack: 0x000000cc3d400000,0x000000cc3d500000] [id=10788]

[error occurred during error reporting (printing all threads), id 0xc0000005, EXCEPTION_ACCESS_VIOLATION (0xc0000005) at pc=0x00007ff862201237]

VM state:not at safepoint (not fully initialized)

VM Mutex/Monitor currently owned by a thread:  ([mutex/lock_event])
[0x000002beec3bdb70] Heap_lock - owner thread: 0x000002beec3c2800

Heap address: 0x0000000084e00000, size: 1970 MB, Compressed Oops mode: 32-bit
Narrow klass base: 0x0000000000000000, Narrow klass shift: 0

GC Heap History (0 events):
No events

Deoptimization events (0 events):
No events

Classes unloaded (0 events):
No events

Classes redefined (0 events):
No events

Internal exceptions (0 events):
No events

Events (2 events):
Event: 0.011 Loaded shared library C:\Program Files\Java\jdk-14\bin\java.dll
Event: 0.012 Loaded shared library C:\Program Files\Java\jdk-14\bin\zip.dll


Dynamic libraries:
0x00007ff795e20000 - 0x00007ff795e2f000 	C:\Program Files\Java\jdk-14\bin\javaw.exe
0x00007ff8adb40000 - 0x00007ff8add30000 	C:\Windows\SYSTEM32\ntdll.dll
0x00007ff8a5830000 - 0x00007ff8a5843000 	C:\Program Files\AVG\Antivirus\aswhook.dll
0x00007ff8acd70000 - 0x00007ff8ace22000 	C:\Windows\System32\KERNEL32.DLL
0x00007ff8aaf10000 - 0x00007ff8ab1b3000 	C:\Windows\System32\KERNELBASE.dll
0x00007ff8ab2c0000 - 0x00007ff8ab3ba000 	C:\Windows\System32\ucrtbase.dll
0x00007ff8a3cf0000 - 0x00007ff8a3d08000 	C:\Program Files\Java\jdk-14\bin\jli.dll
0x00007ff8ada50000 - 0x00007ff8adaf3000 	C:\Windows\System32\ADVAPI32.dll
0x00007ff8accd0000 - 0x00007ff8acd6e000 	C:\Windows\System32\msvcrt.dll
0x00007ff8acee0000 - 0x00007ff8acf77000 	C:\Windows\System32\sechost.dll
0x00007ff8ac990000 - 0x00007ff8acab0000 	C:\Windows\System32\RPCRT4.dll
0x00007ff8ac040000 - 0x00007ff8ac1d4000 	C:\Windows\System32\USER32.dll
0x00007ff8aae80000 - 0x00007ff8aaea1000 	C:\Windows\System32\win32u.dll
0x00007ff8abfb0000 - 0x00007ff8abfd6000 	C:\Windows\System32\GDI32.dll
0x00007ff8aace0000 - 0x00007ff8aae74000 	C:\Windows\System32\gdi32full.dll
0x00007ff8aac40000 - 0x00007ff8aacde000 	C:\Windows\System32\msvcp_win.dll
0x00007ff89e390000 - 0x00007ff89e3a5000 	C:\Program Files\Java\jdk-14\bin\VCRUNTIME140.dll
0x00007ff898120000 - 0x00007ff8983a5000 	C:\Windows\WinSxS\amd64_microsoft.windows.common-controls_6595b64144ccf1df_6.0.18362.720_none_e6beb5c51314836b\COMCTL32.dll
0x00007ff8ad070000 - 0x00007ff8ad3a6000 	C:\Windows\System32\combase.dll
0x00007ff8ab240000 - 0x00007ff8ab2c0000 	C:\Windows\System32\bcryptPrimitives.dll
0x00007ff8a2320000 - 0x00007ff8a232a000 	C:\Windows\SYSTEM32\VERSION.dll
0x00007ff8aceb0000 - 0x00007ff8acede000 	C:\Windows\System32\IMM32.DLL
0x00007ff886990000 - 0x00007ff886a2b000 	C:\Program Files\Java\jdk-14\bin\msvcp140.dll
0x00007ff861f50000 - 0x00007ff862a6f000 	C:\Program Files\Java\jdk-14\bin\server\jvm.dll
0x00007ff8ac290000 - 0x00007ff8ac298000 	C:\Windows\System32\PSAPI.DLL
0x00007ff89b250000 - 0x00007ff89b259000 	C:\Windows\SYSTEM32\WSOCK32.dll
0x00007ff8abe60000 - 0x00007ff8abecf000 	C:\Windows\System32\WS2_32.dll
0x00007ff8a76c0000 - 0x00007ff8a76e4000 	C:\Windows\SYSTEM32\WINMM.dll
0x00007ff8a7690000 - 0x00007ff8a76bd000 	C:\Windows\SYSTEM32\WINMMBASE.dll
0x00007ff8ab1f0000 - 0x00007ff8ab23a000 	C:\Windows\System32\cfgmgr32.dll
0x00007ff8aaab0000 - 0x00007ff8aaac1000 	C:\Windows\System32\kernel.appcore.dll
0x00007ff8a54e0000 - 0x00007ff8a54ea000 	C:\Program Files\Java\jdk-14\bin\jimage.dll
0x00007ff8a06f0000 - 0x00007ff8a08e4000 	C:\Windows\SYSTEM32\DBGHELP.DLL
0x00007ff8a06c0000 - 0x00007ff8a06ea000 	C:\Windows\SYSTEM32\dbgcore.DLL
0x00007ff89ec70000 - 0x00007ff89ec95000 	C:\Program Files\Java\jdk-14\bin\java.dll
0x00007ff8a3b80000 - 0x00007ff8a3b97000 	C:\Program Files\Java\jdk-14\bin\zip.dll

dbghelp: loaded successfully - version: 4.0.5 - missing functions: none
symbol engine: initialized successfully - sym options: 0x614 - pdb path: .;C:\Program Files\Java\jdk-14\bin;C:\Windows\SYSTEM32;C:\Program Files\AVG\Antivirus;C:\Windows\WinSxS\amd64_microsoft.windows.common-controls_6595b64144ccf1df_6.0.18362.720_none_e6beb5c51314836b;C:\Program Files\Java\jdk-14\bin\server

VM Arguments:
jvm_args: -ea -Dfile.encoding=Cp1252 
java_command: org.testng.remote.RemoteTestNG -serport 57210 -protocol json -d C:\Users\LENOVO\eclipse-workspace\BennettWebFramework\test-output C:\Users\LENOVO\AppData\Local\Temp\testng-eclipse-1871883282\testng-customsuite.xml
java_class_path (initial): C:\Users\LENOVO\eclipse\jee-2020-03\eclipse\configuration\org.eclipse.osgi\999\0\.cp\lib\testng-remote.jar;C:\Users\LENOVO\eclipse-workspace\BennettWebFramework\target\test-classes;C:\Users\LENOVO\eclipse-workspace\BennettWebFramework\target\classes;C:\Users\LENOVO\.p2\pool\plugins\org.testng_7.1.0.r202001120626.jar;C:\Users\LENOVO\.p2\pool\plugins\com.beust.jcommander_1.72.0.jar;C:\Users\LENOVO\.p2\pool\plugins\org.apache-extras.beanshell.bsh_2.0.0.b6.jar;C:\Users\LENOVO\.p2\pool\plugins\org.yaml.snakeyaml_1.21.0.jar;C:\Users\LENOVO\.m2\repository\org\seleniumhq\selenium\selenium-java\3.14.0\selenium-java-3.14.0.jar;C:\Users\LENOVO\.m2\repository\org\seleniumhq\selenium\selenium-api\3.14.0\selenium-api-3.14.0.jar;C:\Users\LENOVO\.m2\repository\org\seleniumhq\selenium\selenium-chrome-driver\3.14.0\selenium-chrome-driver-3.14.0.jar;C:\Users\LENOVO\.m2\repository\org\seleniumhq\selenium\selenium-edge-driver\3.14.0\selenium-edge-driver-3.14.0.jar;C:\Users\LENOVO\.m2\repository\org\seleniumhq\selenium\selenium-firefox-driver\3.14.0\selenium-firefox-driver-3.14.0.jar;C:\Users\LENOVO\.m2\repository\org\seleniumhq\selenium\selenium-ie-driver\3.14.0\selenium-ie-driver-3.14.0.jar;C:\Users\LENOVO\.m2\repository\org\seleniumhq\selenium\selenium-opera-driver\3.14.0\selenium-opera-driver-3.14.0.jar;C:\Users\LENOVO\.m2\repository\org\seleniumhq\selenium\selenium-remote-driver\3.14.0\selenium-remote-driver-3.14.0.jar;C:\Users\LENOVO\.m2\repository\org\seleniumhq\selenium\selenium-safari-driver\3.14.0\selenium-safari-driver-3.14.0.jar;C:\Users\LENOVO\.m2\repository\org\seleniumhq\selenium\selenium-support\3.14.0\selenium-support-3.14.0.jar;C:\Users\LENOVO\.m2\repository\net\bytebuddy\byte-buddy\1.8.15\byte-buddy-1.8.15.jar;C:\Users\LENOVO\.m2\repository\org\apache\commons\commons-exec\1.3\commons-exec-1.3.jar;C:\Users\LENOVO\.m2\repository\commons-codec\commons-codec\1.10\commons-codec-1.10.jar;C:\Users\LENOVO\.m2\repository\commons-logging\commons-logg
Launcher Type: SUN_STANDARD

[Global flags]
     intx CICompilerCount                          = 3                                         {product} {ergonomic}
     uint ConcGCThreads                            = 1                                         {product} {ergonomic}
     uint G1ConcRefinementThreads                  = 4                                         {product} {ergonomic}
   size_t G1HeapRegionSize                         = 1048576                                   {product} {ergonomic}
    uintx GCDrainStackTargetSize                   = 64                                        {product} {ergonomic}
   size_t InitialHeapSize                          = 130023424                                 {product} {ergonomic}
   size_t MarkStackSize                            = 4194304                                   {product} {ergonomic}
   size_t MaxHeapSize                              = 2065694720                                {product} {ergonomic}
   size_t MinHeapDeltaBytes                        = 1048576                                   {product} {ergonomic}
   size_t MinHeapSize                              = 8388608                                   {product} {ergonomic}
    uintx NonNMethodCodeHeapSize                   = 5832780                                {pd product} {ergonomic}
    uintx NonProfiledCodeHeapSize                  = 122912730                              {pd product} {ergonomic}
    uintx ProfiledCodeHeapSize                     = 122912730                              {pd product} {ergonomic}
    uintx ReservedCodeCacheSize                    = 251658240                              {pd product} {ergonomic}
     bool SegmentedCodeCache                       = true                                      {product} {ergonomic}
   size_t SoftMaxHeapSize                          = 2065694720                             {manageable} {ergonomic}
     bool UseCompressedClassPointers               = true                                 {lp64_product} {ergonomic}
     bool UseCompressedOops                        = true                                 {lp64_product} {ergonomic}
     bool UseG1GC                                  = true                                      {product} {ergonomic}
     bool UseLargePagesIndividualAllocation        = false                                  {pd product} {ergonomic}

Logging:
Log output configuration:
 #0: stdout all=warning uptime,level,tags
 #1: stderr all=off uptime,level,tags

Environment Variables:
JAVA_HOME=C:\Program Files\Java\jdk-14
PATH=C:/Program Files/Java/jdk-14/bin/server;C:/Program Files/Java/jdk-14/bin;C:\Windows\system32;C:\Windows;C:\Windows\System32\Wbem;C:\Windows\System32\WindowsPowerShell\v1.0\;C:\Windows\System32\OpenSSH\;C:\Program Files\Java\jdk-14\bin;C:\Program Files\nodejs\;C:\Program Files\Git\cmd;C:\Users\LENOVO\AppData\Local\Microsoft\WindowsApps;C:\Users\LENOVO\AppData\Roaming\npm;C:\Users\LENOVO\eclipse\jee-2020-03\eclipse;
USERNAME=LENOVO
OS=Windows_NT
PROCESSOR_IDENTIFIER=Intel64 Family 6 Model 69 Stepping 1, GenuineIntel



---------------  S Y S T E M  ---------------

OS: Windows 10 , 64 bit Build 18362 (10.0.18362.329)
OS uptime: 0 days 11:45 hours

CPU:total 4 (initial active 4) (2 cores per cpu, 2 threads per core) family 6 model 69 stepping 1, cmov, cx8, fxsr, mmx, sse, sse2, sse3, ssse3, sse4.1, sse4.2, popcnt, avx, avx2, aes, clmul, erms, lzcnt, ht, tsc, tscinvbit, bmi1, bmi2, fma

Memory: 4k page, system-wide physical 7878M (1058M free)
TotalPageFile size 21173M (AvailPageFile size 20M)
current process WorkingSet (physical memory assigned to process): 10M, peak: 10M
current process commit charge ("private bytes"): 52M, peak: 176M

vm_info: Java HotSpot(TM) 64-Bit Server VM (14+36-1461) for windows-amd64 JRE (14+36-1461), built on Feb  6 2020 19:08:04 by "mach5one" with MS VC++ 15.9 (VS2017)

END.
