#
# There is insufficient memory for the Java Runtime Environment to continue.
# Native memory allocation (malloc) failed to allocate 32744 bytes for ChunkPool::allocate
# Possible reasons:
#   The system is out of physical RAM or swap space
#   The process is running with CompressedOops enabled, and the Java Heap may be blocking the growth of the native heap
# Possible solutions:
#   Reduce memory load on the system
#   Increase physical memory or swap space
#   Check if swap backing store is full
#   Decrease Java heap size (-Xmx/-Xms)
#   Decrease number of Java threads
#   Decrease Java thread stack sizes (-Xss)
#   Set larger code cache with -XX:ReservedCodeCacheSize=
#   JVM is running with Unscaled Compressed Oops mode in which the Java heap is
#     placed in the first 4GB address space. The Java Heap base address is the
#     maximum limit for the native heap growth. Please use -XX:HeapBaseMinAddress
#     to set the Java Heap base and to place the Java Heap above 4GB virtual address.
# This output file may be truncated or incomplete.
#
#  Out of Memory Error (t:/workspace/open/src/hotspot/share/memory/arena.cpp:79), pid=10744, tid=4712
#
# JRE version: Java(TM) SE Runtime Environment (14.0+36) (build 14+36-1461)
# Java VM: Java HotSpot(TM) 64-Bit Server VM (14+36-1461, mixed mode, sharing, tiered, compressed oops, g1 gc, windows-amd64)
# No core dump will be written. Minidumps are not enabled by default on client versions of Windows
#

---------------  S U M M A R Y ------------

Command Line: -ea -Dfile.encoding=Cp1252 org.testng.remote.RemoteTestNG -serport 54349 -protocol json -d C:\Users\LENOVO\eclipse-workspace\BennettWebFramework\test-output C:\Users\LENOVO\AppData\Local\Temp\testng-eclipse-2130219082\testng-customsuite.xml

Host: Intel(R) Core(TM) i5-4300U CPU @ 1.90GHz, 4 cores, 7G,  Windows 10 , 64 bit Build 18362 (10.0.18362.329)
Time: Thu Apr 30 22:35:01 2020 India Standard Time elapsed time: 2 seconds (0d 0h 0m 2s)

---------------  T H R E A D  ---------------

Current thread (0x000001f8d8800800):  JavaThread "C2 CompilerThread1" daemon [_thread_in_native, id=4712, stack(0x00000082c7100000,0x00000082c7200000)]


Current CompileTask:
C2:   2789 1904       4       java.net.URLStreamHandler::parseURL (1201 bytes)

Stack: [0x00000082c7100000,0x00000082c7200000]
Native frames: (J=compiled Java code, j=interpreted, Vv=VM code, C=native code)
V  [jvm.dll+0x5f83ea]
V  [jvm.dll+0x741e2a]
V  [jvm.dll+0x7435df]
V  [jvm.dll+0x743c23]
V  [jvm.dll+0x20d268]
V  [jvm.dll+0xabea6]
V  [jvm.dll+0xabc7d]
V  [jvm.dll+0x5d932b]
V  [jvm.dll+0x62151e]
V  [jvm.dll+0x18cecc]
V  [jvm.dll+0x1e5eda]
V  [jvm.dll+0x1e5098]
V  [jvm.dll+0x1779cc]
V  [jvm.dll+0x1f40e5]
V  [jvm.dll+0x1f22cb]
V  [jvm.dll+0x706a7d]
V  [jvm.dll+0x6ff89a]
V  [jvm.dll+0x5f72a6]
C  [ucrtbase.dll+0x20e72]
C  [KERNEL32.DLL+0x17bd4]
C  [ntdll.dll+0x6ced1]


---------------  P R O C E S S  ---------------

Threads class SMR info:
_java_thread_list=0x000001f8d8baa7f0, length=14, elements={
0x000001f8b8742800, 0x000001f8d6cf3800, 0x000001f8d6cf4000, 0x000001f8d6d11000,
0x000001f8d6d12000, 0x000001f8d6d12800, 0x000001f8d6d14800, 0x000001f8d6d3e000,
0x000001f8d7695000, 0x000001f8d7748000, 0x000001f8d7751000, 0x000001f8d7dc0000,
0x000001f8d8800800, 0x000001f8d8d76800
}

Java Threads: ( => current thread )
  0x000001f8b8742800 JavaThread "Forwarding newSession on session null to remote" [_thread_blocked, id=11164, stack(0x00000082c5900000,0x00000082c5a00000)]
  0x000001f8d6cf3800 JavaThread "Reference Handler" daemon [_thread_blocked, id=11364, stack(0x00000082c6000000,0x00000082c6100000)]
  0x000001f8d6cf4000 JavaThread "Finalizer" daemon [_thread_blocked, id=9960, stack(0x00000082c6100000,0x00000082c6200000)]
  0x000001f8d6d11000 JavaThread "Signal Dispatcher" daemon [_thread_blocked, id=11200, stack(0x00000082c6200000,0x00000082c6300000)]
  0x000001f8d6d12000 JavaThread "Attach Listener" daemon [_thread_blocked, id=2140, stack(0x00000082c6300000,0x00000082c6400000)]
  0x000001f8d6d12800 JavaThread "Service Thread" daemon [_thread_blocked, id=10136, stack(0x00000082c6400000,0x00000082c6500000)]
  0x000001f8d6d14800 JavaThread "C2 CompilerThread0" daemon [_thread_blocked, id=1884, stack(0x00000082c6500000,0x00000082c6600000)]
  0x000001f8d6d3e000 JavaThread "C1 CompilerThread0" daemon [_thread_blocked, id=796, stack(0x00000082c6600000,0x00000082c6700000)]
  0x000001f8d7695000 JavaThread "Sweeper thread" daemon [_thread_blocked, id=10128, stack(0x00000082c6700000,0x00000082c6800000)]
  0x000001f8d7748000 JavaThread "Notification Thread" daemon [_thread_blocked, id=12076, stack(0x00000082c6800000,0x00000082c6900000)]
  0x000001f8d7751000 JavaThread "Common-Cleaner" daemon [_thread_blocked, id=9412, stack(0x00000082c6a00000,0x00000082c6b00000)]
  0x000001f8d7dc0000 JavaThread "ReaderThread" [_thread_in_native, id=768, stack(0x00000082c6c00000,0x00000082c6d00000)]
=>0x000001f8d8800800 JavaThread "C2 CompilerThread1" daemon [_thread_in_native, id=4712, stack(0x00000082c7100000,0x00000082c7200000)]
  0x000001f8d8d76800 JavaThread "UrlChecker-2" daemon [_thread_in_native, id=10216, stack(0x00000082c7300000,0x00000082c7400000)]

Other Threads:
  0x000001f8d6cf1800 VMThread "VM Thread" [stack: 0x00000082c5f00000,0x00000082c6000000] [id=3492]
  0x000001f8d774d000 WatcherThread [stack: 0x00000082c6900000,0x00000082c6a00000] [id=8832]
  0x000001f8b877e000 GCTaskThread "GC Thread#0" [stack: 0x00000082c5a00000,0x00000082c5b00000] [id=11700]
  0x000001f8d81d3000 GCTaskThread "GC Thread#1" [stack: 0x00000082c6d00000,0x00000082c6e00000] [id=10148]
  0x000001f8d81f7800 GCTaskThread "GC Thread#2" [stack: 0x00000082c6e00000,0x00000082c6f00000] [id=2640]
  0x000001f8d81f8000 GCTaskThread "GC Thread#3" [stack: 0x00000082c6f00000,0x00000082c7000000] [id=12260]
  0x000001f8b8791000 ConcurrentGCThread "G1 Main Marker" [stack: 0x00000082c5b00000,0x00000082c5c00000] [id=11980]
  0x000001f8b8793000 ConcurrentGCThread "G1 Conc#0" [stack: 0x00000082c5c00000,0x00000082c5d00000] [id=9996]
  0x000001f8b87fe800 ConcurrentGCThread "G1 Refine#0" [stack: 0x00000082c5d00000,0x00000082c5e00000] [id=6868]
  0x000001f8d77d1800 ConcurrentGCThread "G1 Refine#1" [stack: 0x00000082c7000000,0x00000082c7100000] [id=1012]
  0x000001f8d6b51800 ConcurrentGCThread "G1 Young RemSet Sampling" [stack: 0x00000082c5e00000,0x00000082c5f00000] [id=8324]

Threads with active compile tasks:
C2 CompilerThread1     3010 1904       4       java.net.URLStreamHandler::parseURL (1201 bytes)

VM state:not at safepoint (normal execution)

VM Mutex/Monitor currently owned by a thread: None

Heap address: 0x0000000084e00000, size: 1970 MB, Compressed Oops mode: 32-bit
Narrow klass base: 0x0000000800000000, Narrow klass shift: 3
Compressed class space size: 1073741824 Address: 0x0000000800b30000

Heap:
 garbage-first heap   total 126976K, used 29452K [0x0000000084e00000, 0x0000000100000000)
  region size 1024K, 22 young (22528K), 2 survivors (2048K)
 Metaspace       used 17943K, capacity 18432K, committed 18560K, reserved 1064960K
  class space    used 2188K, capacity 2337K, committed 2432K, reserved 1048576K
Heap Regions: E=young(eden), S=young(survivor), O=old, HS=humongous(starts), HC=humongous(continues), CS=collection set, F=free, OA=open archive, CA=closed archive, TAMS=top-at-mark-start (previous, next)
|   0|0x0000000084e00000, 0x0000000084f00000, 0x0000000084f00000|100%|HS|  |TAMS 0x0000000084e00000, 0x0000000084e00000| Complete 
|   1|0x0000000084f00000, 0x0000000085000000, 0x0000000085000000|100%| O|  |TAMS 0x0000000084f00000, 0x0000000084f00000| Untracked 
|   2|0x0000000085000000, 0x0000000085100000, 0x0000000085100000|100%| O|  |TAMS 0x0000000085000000, 0x0000000085000000| Untracked 
|   3|0x0000000085100000, 0x0000000085200000, 0x0000000085200000|100%| O|  |TAMS 0x0000000085100000, 0x0000000085100000| Untracked 
|   4|0x0000000085200000, 0x0000000085300000, 0x0000000085300000|100%| O|  |TAMS 0x0000000085200000, 0x0000000085200000| Untracked 
|   5|0x0000000085300000, 0x0000000085400000, 0x0000000085400000|100%| O|  |TAMS 0x0000000085300000, 0x0000000085300000| Untracked 
|   6|0x0000000085400000, 0x0000000085500000, 0x0000000085500000|100%| O|  |TAMS 0x0000000085400000, 0x0000000085400000| Untracked 
|   7|0x0000000085500000, 0x00000000855eaa00, 0x0000000085600000| 91%| O|  |TAMS 0x0000000085500000, 0x0000000085500000| Untracked 
|   8|0x0000000085600000, 0x0000000085600000, 0x0000000085700000|  0%| F|  |TAMS 0x0000000085600000, 0x0000000085600000| Untracked 
|   9|0x0000000085700000, 0x0000000085700000, 0x0000000085800000|  0%| F|  |TAMS 0x0000000085700000, 0x0000000085700000| Untracked 
|  10|0x0000000085800000, 0x0000000085800000, 0x0000000085900000|  0%| F|  |TAMS 0x0000000085800000, 0x0000000085800000| Untracked 
|  11|0x0000000085900000, 0x0000000085900000, 0x0000000085a00000|  0%| F|  |TAMS 0x0000000085900000, 0x0000000085900000| Untracked 
|  12|0x0000000085a00000, 0x0000000085a00000, 0x0000000085b00000|  0%| F|  |TAMS 0x0000000085a00000, 0x0000000085a00000| Untracked 
|  13|0x0000000085b00000, 0x0000000085b00000, 0x0000000085c00000|  0%| F|  |TAMS 0x0000000085b00000, 0x0000000085b00000| Untracked 
|  14|0x0000000085c00000, 0x0000000085c00000, 0x0000000085d00000|  0%| F|  |TAMS 0x0000000085c00000, 0x0000000085c00000| Untracked 
|  15|0x0000000085d00000, 0x0000000085d00000, 0x0000000085e00000|  0%| F|  |TAMS 0x0000000085d00000, 0x0000000085d00000| Untracked 
|  16|0x0000000085e00000, 0x0000000085e00000, 0x0000000085f00000|  0%| F|  |TAMS 0x0000000085e00000, 0x0000000085e00000| Untracked 
|  17|0x0000000085f00000, 0x0000000085f00000, 0x0000000086000000|  0%| F|  |TAMS 0x0000000085f00000, 0x0000000085f00000| Untracked 
|  18|0x0000000086000000, 0x0000000086000000, 0x0000000086100000|  0%| F|  |TAMS 0x0000000086000000, 0x0000000086000000| Untracked 
|  19|0x0000000086100000, 0x0000000086100000, 0x0000000086200000|  0%| F|  |TAMS 0x0000000086100000, 0x0000000086100000| Untracked 
|  20|0x0000000086200000, 0x0000000086200000, 0x0000000086300000|  0%| F|  |TAMS 0x0000000086200000, 0x0000000086200000| Untracked 
|  21|0x0000000086300000, 0x0000000086300000, 0x0000000086400000|  0%| F|  |TAMS 0x0000000086300000, 0x0000000086300000| Untracked 
|  22|0x0000000086400000, 0x0000000086400000, 0x0000000086500000|  0%| F|  |TAMS 0x0000000086400000, 0x0000000086400000| Untracked 
|  23|0x0000000086500000, 0x0000000086500000, 0x0000000086600000|  0%| F|  |TAMS 0x0000000086500000, 0x0000000086500000| Untracked 
|  24|0x0000000086600000, 0x0000000086600000, 0x0000000086700000|  0%| F|  |TAMS 0x0000000086600000, 0x0000000086600000| Untracked 
|  25|0x0000000086700000, 0x0000000086700000, 0x0000000086800000|  0%| F|  |TAMS 0x0000000086700000, 0x0000000086700000| Untracked 
|  26|0x0000000086800000, 0x0000000086800000, 0x0000000086900000|  0%| F|  |TAMS 0x0000000086800000, 0x0000000086800000| Untracked 
|  27|0x0000000086900000, 0x0000000086900000, 0x0000000086a00000|  0%| F|  |TAMS 0x0000000086900000, 0x0000000086900000| Untracked 
|  28|0x0000000086a00000, 0x0000000086a00000, 0x0000000086b00000|  0%| F|  |TAMS 0x0000000086a00000, 0x0000000086a00000| Untracked 
|  29|0x0000000086b00000, 0x0000000086b00000, 0x0000000086c00000|  0%| F|  |TAMS 0x0000000086b00000, 0x0000000086b00000| Untracked 
|  30|0x0000000086c00000, 0x0000000086c00000, 0x0000000086d00000|  0%| F|  |TAMS 0x0000000086c00000, 0x0000000086c00000| Untracked 
|  31|0x0000000086d00000, 0x0000000086d00000, 0x0000000086e00000|  0%| F|  |TAMS 0x0000000086d00000, 0x0000000086d00000| Untracked 
|  32|0x0000000086e00000, 0x0000000086e00000, 0x0000000086f00000|  0%| F|  |TAMS 0x0000000086e00000, 0x0000000086e00000| Untracked 
|  33|0x0000000086f00000, 0x0000000086f00000, 0x0000000087000000|  0%| F|  |TAMS 0x0000000086f00000, 0x0000000086f00000| Untracked 
|  34|0x0000000087000000, 0x0000000087000000, 0x0000000087100000|  0%| F|  |TAMS 0x0000000087000000, 0x0000000087000000| Untracked 
|  35|0x0000000087100000, 0x0000000087100000, 0x0000000087200000|  0%| F|  |TAMS 0x0000000087100000, 0x0000000087100000| Untracked 
|  36|0x0000000087200000, 0x0000000087200000, 0x0000000087300000|  0%| F|  |TAMS 0x0000000087200000, 0x0000000087200000| Untracked 
|  37|0x0000000087300000, 0x0000000087300000, 0x0000000087400000|  0%| F|  |TAMS 0x0000000087300000, 0x0000000087300000| Untracked 
|  38|0x0000000087400000, 0x0000000087400000, 0x0000000087500000|  0%| F|  |TAMS 0x0000000087400000, 0x0000000087400000| Untracked 
|  39|0x0000000087500000, 0x0000000087500000, 0x0000000087600000|  0%| F|  |TAMS 0x0000000087500000, 0x0000000087500000| Untracked 
|  40|0x0000000087600000, 0x0000000087600000, 0x0000000087700000|  0%| F|  |TAMS 0x0000000087600000, 0x0000000087600000| Untracked 
|  41|0x0000000087700000, 0x0000000087700000, 0x0000000087800000|  0%| F|  |TAMS 0x0000000087700000, 0x0000000087700000| Untracked 
|  42|0x0000000087800000, 0x0000000087800000, 0x0000000087900000|  0%| F|  |TAMS 0x0000000087800000, 0x0000000087800000| Untracked 
|  43|0x0000000087900000, 0x0000000087900000, 0x0000000087a00000|  0%| F|  |TAMS 0x0000000087900000, 0x0000000087900000| Untracked 
|  44|0x0000000087a00000, 0x0000000087a00000, 0x0000000087b00000|  0%| F|  |TAMS 0x0000000087a00000, 0x0000000087a00000| Untracked 
|  45|0x0000000087b00000, 0x0000000087b00000, 0x0000000087c00000|  0%| F|  |TAMS 0x0000000087b00000, 0x0000000087b00000| Untracked 
|  46|0x0000000087c00000, 0x0000000087c00000, 0x0000000087d00000|  0%| F|  |TAMS 0x0000000087c00000, 0x0000000087c00000| Untracked 
|  47|0x0000000087d00000, 0x0000000087d00000, 0x0000000087e00000|  0%| F|  |TAMS 0x0000000087d00000, 0x0000000087d00000| Untracked 
|  48|0x0000000087e00000, 0x0000000087e00000, 0x0000000087f00000|  0%| F|  |TAMS 0x0000000087e00000, 0x0000000087e00000| Untracked 
|  49|0x0000000087f00000, 0x0000000087f00000, 0x0000000088000000|  0%| F|  |TAMS 0x0000000087f00000, 0x0000000087f00000| Untracked 
|  50|0x0000000088000000, 0x0000000088000000, 0x0000000088100000|  0%| F|  |TAMS 0x0000000088000000, 0x0000000088000000| Untracked 
|  51|0x0000000088100000, 0x0000000088100000, 0x0000000088200000|  0%| F|  |TAMS 0x0000000088100000, 0x0000000088100000| Untracked 
|  52|0x0000000088200000, 0x0000000088200000, 0x0000000088300000|  0%| F|  |TAMS 0x0000000088200000, 0x0000000088200000| Untracked 
|  53|0x0000000088300000, 0x0000000088300000, 0x0000000088400000|  0%| F|  |TAMS 0x0000000088300000, 0x0000000088300000| Untracked 
|  54|0x0000000088400000, 0x0000000088400000, 0x0000000088500000|  0%| F|  |TAMS 0x0000000088400000, 0x0000000088400000| Untracked 
|  55|0x0000000088500000, 0x0000000088500000, 0x0000000088600000|  0%| F|  |TAMS 0x0000000088500000, 0x0000000088500000| Untracked 
|  56|0x0000000088600000, 0x0000000088600000, 0x0000000088700000|  0%| F|  |TAMS 0x0000000088600000, 0x0000000088600000| Untracked 
|  57|0x0000000088700000, 0x0000000088700000, 0x0000000088800000|  0%| F|  |TAMS 0x0000000088700000, 0x0000000088700000| Untracked 
|  58|0x0000000088800000, 0x0000000088800000, 0x0000000088900000|  0%| F|  |TAMS 0x0000000088800000, 0x0000000088800000| Untracked 
|  59|0x0000000088900000, 0x0000000088900000, 0x0000000088a00000|  0%| F|  |TAMS 0x0000000088900000, 0x0000000088900000| Untracked 
|  60|0x0000000088a00000, 0x0000000088a00000, 0x0000000088b00000|  0%| F|  |TAMS 0x0000000088a00000, 0x0000000088a00000| Untracked 
|  61|0x0000000088b00000, 0x0000000088b00000, 0x0000000088c00000|  0%| F|  |TAMS 0x0000000088b00000, 0x0000000088b00000| Untracked 
|  62|0x0000000088c00000, 0x0000000088c00000, 0x0000000088d00000|  0%| F|  |TAMS 0x0000000088c00000, 0x0000000088c00000| Untracked 
|  63|0x0000000088d00000, 0x0000000088d00000, 0x0000000088e00000|  0%| F|  |TAMS 0x0000000088d00000, 0x0000000088d00000| Untracked 
|  64|0x0000000088e00000, 0x0000000088e00000, 0x0000000088f00000|  0%| F|  |TAMS 0x0000000088e00000, 0x0000000088e00000| Untracked 
|  65|0x0000000088f00000, 0x0000000088f00000, 0x0000000089000000|  0%| F|  |TAMS 0x0000000088f00000, 0x0000000088f00000| Untracked 
|  66|0x0000000089000000, 0x0000000089000000, 0x0000000089100000|  0%| F|  |TAMS 0x0000000089000000, 0x0000000089000000| Untracked 
|  67|0x0000000089100000, 0x0000000089100000, 0x0000000089200000|  0%| F|  |TAMS 0x0000000089100000, 0x0000000089100000| Untracked 
|  68|0x0000000089200000, 0x0000000089200000, 0x0000000089300000|  0%| F|  |TAMS 0x0000000089200000, 0x0000000089200000| Untracked 
|  69|0x0000000089300000, 0x0000000089300000, 0x0000000089400000|  0%| F|  |TAMS 0x0000000089300000, 0x0000000089300000| Untracked 
|  70|0x0000000089400000, 0x0000000089400000, 0x0000000089500000|  0%| F|  |TAMS 0x0000000089400000, 0x0000000089400000| Untracked 
|  71|0x0000000089500000, 0x0000000089500000, 0x0000000089600000|  0%| F|  |TAMS 0x0000000089500000, 0x0000000089500000| Untracked 
|  72|0x0000000089600000, 0x0000000089600000, 0x0000000089700000|  0%| F|  |TAMS 0x0000000089600000, 0x0000000089600000| Untracked 
|  73|0x0000000089700000, 0x0000000089700000, 0x0000000089800000|  0%| F|  |TAMS 0x0000000089700000, 0x0000000089700000| Untracked 
|  74|0x0000000089800000, 0x0000000089800000, 0x0000000089900000|  0%| F|  |TAMS 0x0000000089800000, 0x0000000089800000| Untracked 
|  75|0x0000000089900000, 0x0000000089900000, 0x0000000089a00000|  0%| F|  |TAMS 0x0000000089900000, 0x0000000089900000| Untracked 
|  76|0x0000000089a00000, 0x0000000089a00000, 0x0000000089b00000|  0%| F|  |TAMS 0x0000000089a00000, 0x0000000089a00000| Untracked 
|  77|0x0000000089b00000, 0x0000000089b00000, 0x0000000089c00000|  0%| F|  |TAMS 0x0000000089b00000, 0x0000000089b00000| Untracked 
|  78|0x0000000089c00000, 0x0000000089c00000, 0x0000000089d00000|  0%| F|  |TAMS 0x0000000089c00000, 0x0000000089c00000| Untracked 
|  79|0x0000000089d00000, 0x0000000089d00000, 0x0000000089e00000|  0%| F|  |TAMS 0x0000000089d00000, 0x0000000089d00000| Untracked 
|  80|0x0000000089e00000, 0x0000000089e00000, 0x0000000089f00000|  0%| F|  |TAMS 0x0000000089e00000, 0x0000000089e00000| Untracked 
|  81|0x0000000089f00000, 0x0000000089f00000, 0x000000008a000000|  0%| F|  |TAMS 0x0000000089f00000, 0x0000000089f00000| Untracked 
|  82|0x000000008a000000, 0x000000008a000000, 0x000000008a100000|  0%| F|  |TAMS 0x000000008a000000, 0x000000008a000000| Untracked 
|  83|0x000000008a100000, 0x000000008a100000, 0x000000008a200000|  0%| F|  |TAMS 0x000000008a100000, 0x000000008a100000| Untracked 
|  84|0x000000008a200000, 0x000000008a200000, 0x000000008a300000|  0%| F|  |TAMS 0x000000008a200000, 0x000000008a200000| Untracked 
|  85|0x000000008a300000, 0x000000008a300000, 0x000000008a400000|  0%| F|  |TAMS 0x000000008a300000, 0x000000008a300000| Untracked 
|  86|0x000000008a400000, 0x000000008a400000, 0x000000008a500000|  0%| F|  |TAMS 0x000000008a400000, 0x000000008a400000| Untracked 
|  87|0x000000008a500000, 0x000000008a500000, 0x000000008a600000|  0%| F|  |TAMS 0x000000008a500000, 0x000000008a500000| Untracked 
|  88|0x000000008a600000, 0x000000008a600000, 0x000000008a700000|  0%| F|  |TAMS 0x000000008a600000, 0x000000008a600000| Untracked 
|  89|0x000000008a700000, 0x000000008a700000, 0x000000008a800000|  0%| F|  |TAMS 0x000000008a700000, 0x000000008a700000| Untracked 
|  90|0x000000008a800000, 0x000000008a800000, 0x000000008a900000|  0%| F|  |TAMS 0x000000008a800000, 0x000000008a800000| Untracked 
|  91|0x000000008a900000, 0x000000008a900000, 0x000000008aa00000|  0%| F|  |TAMS 0x000000008a900000, 0x000000008a900000| Untracked 
|  92|0x000000008aa00000, 0x000000008aa00000, 0x000000008ab00000|  0%| F|  |TAMS 0x000000008aa00000, 0x000000008aa00000| Untracked 
|  93|0x000000008ab00000, 0x000000008ab00000, 0x000000008ac00000|  0%| F|  |TAMS 0x000000008ab00000, 0x000000008ab00000| Untracked 
|  94|0x000000008ac00000, 0x000000008ac00000, 0x000000008ad00000|  0%| F|  |TAMS 0x000000008ac00000, 0x000000008ac00000| Untracked 
|  95|0x000000008ad00000, 0x000000008ad00000, 0x000000008ae00000|  0%| F|  |TAMS 0x000000008ad00000, 0x000000008ad00000| Untracked 
|  96|0x000000008ae00000, 0x000000008ae00000, 0x000000008af00000|  0%| F|  |TAMS 0x000000008ae00000, 0x000000008ae00000| Untracked 
|  97|0x000000008af00000, 0x000000008af00000, 0x000000008b000000|  0%| F|  |TAMS 0x000000008af00000, 0x000000008af00000| Untracked 
|  98|0x000000008b000000, 0x000000008b0d8818, 0x000000008b100000| 84%| S|CS|TAMS 0x000000008b000000, 0x000000008b000000| Complete 
|  99|0x000000008b100000, 0x000000008b200000, 0x000000008b200000|100%| S|CS|TAMS 0x000000008b100000, 0x000000008b100000| Complete 
| 100|0x000000008b200000, 0x000000008b200000, 0x000000008b300000|  0%| F|  |TAMS 0x000000008b200000, 0x000000008b200000| Untracked 
| 101|0x000000008b300000, 0x000000008b300000, 0x000000008b400000|  0%| F|  |TAMS 0x000000008b300000, 0x000000008b300000| Untracked 
| 102|0x000000008b400000, 0x000000008b400000, 0x000000008b500000|  0%| F|  |TAMS 0x000000008b400000, 0x000000008b400000| Untracked 
| 103|0x000000008b500000, 0x000000008b500000, 0x000000008b600000|  0%| F|  |TAMS 0x000000008b500000, 0x000000008b500000| Untracked 
| 104|0x000000008b600000, 0x000000008b600800, 0x000000008b700000|  0%| E|  |TAMS 0x000000008b600000, 0x000000008b600000| Complete 
| 105|0x000000008b700000, 0x000000008b800000, 0x000000008b800000|100%| E|CS|TAMS 0x000000008b700000, 0x000000008b700000| Complete 
| 106|0x000000008b800000, 0x000000008b900000, 0x000000008b900000|100%| E|CS|TAMS 0x000000008b800000, 0x000000008b800000| Complete 
| 107|0x000000008b900000, 0x000000008ba00000, 0x000000008ba00000|100%| E|CS|TAMS 0x000000008b900000, 0x000000008b900000| Complete 
| 108|0x000000008ba00000, 0x000000008bb00000, 0x000000008bb00000|100%| E|CS|TAMS 0x000000008ba00000, 0x000000008ba00000| Complete 
| 109|0x000000008bb00000, 0x000000008bc00000, 0x000000008bc00000|100%| E|CS|TAMS 0x000000008bb00000, 0x000000008bb00000| Complete 
| 110|0x000000008bc00000, 0x000000008bd00000, 0x000000008bd00000|100%| E|CS|TAMS 0x000000008bc00000, 0x000000008bc00000| Complete 
| 111|0x000000008bd00000, 0x000000008be00000, 0x000000008be00000|100%| E|CS|TAMS 0x000000008bd00000, 0x000000008bd00000| Complete 
| 112|0x000000008be00000, 0x000000008bf00000, 0x000000008bf00000|100%| E|CS|TAMS 0x000000008be00000, 0x000000008be00000| Complete 
| 113|0x000000008bf00000, 0x000000008c000000, 0x000000008c000000|100%| E|CS|TAMS 0x000000008bf00000, 0x000000008bf00000| Complete 
| 114|0x000000008c000000, 0x000000008c100000, 0x000000008c100000|100%| E|CS|TAMS 0x000000008c000000, 0x000000008c000000| Complete 
| 115|0x000000008c100000, 0x000000008c200000, 0x000000008c200000|100%| E|CS|TAMS 0x000000008c100000, 0x000000008c100000| Complete 
| 116|0x000000008c200000, 0x000000008c300000, 0x000000008c300000|100%| E|CS|TAMS 0x000000008c200000, 0x000000008c200000| Complete 
| 117|0x000000008c300000, 0x000000008c400000, 0x000000008c400000|100%| E|CS|TAMS 0x000000008c300000, 0x000000008c300000| Complete 
| 118|0x000000008c400000, 0x000000008c500000, 0x000000008c500000|100%| E|CS|TAMS 0x000000008c400000, 0x000000008c400000| Complete 
| 119|0x000000008c500000, 0x000000008c600000, 0x000000008c600000|100%| E|CS|TAMS 0x000000008c500000, 0x000000008c500000| Complete 
| 120|0x000000008c600000, 0x000000008c700000, 0x000000008c700000|100%| E|CS|TAMS 0x000000008c600000, 0x000000008c600000| Complete 
| 121|0x000000008c700000, 0x000000008c800000, 0x000000008c800000|100%| E|CS|TAMS 0x000000008c700000, 0x000000008c700000| Complete 
| 122|0x000000008c800000, 0x000000008c900000, 0x000000008c900000|100%| E|CS|TAMS 0x000000008c800000, 0x000000008c800000| Complete 
| 123|0x000000008c900000, 0x000000008ca00000, 0x000000008ca00000|100%| E|CS|TAMS 0x000000008c900000, 0x000000008c900000| Complete 

Card table byte_map: [0x000001f8d02b0000,0x000001f8d0690000] _byte_map_base: 0x000001f8cfe89000

Marking Bits (Prev, Next): (CMBitMap*) 0x000001f8b8780b68, (CMBitMap*) 0x000001f8b8780ba8
 Prev Bits: [0x000001f8d0a70000, 0x000001f8d2938000)
 Next Bits: [0x000001f8d2940000, 0x000001f8d4808000)

Polling page: 0x000001f8b6660000

Metaspace:

Usage:
  Non-class:     15.72 MB capacity,    15.39 MB ( 98%) used,   298.69 KB (  2%) free+waste,    41.06 KB ( <1%) overhead. 
      Class:      2.28 MB capacity,     2.14 MB ( 94%) used,   128.06 KB (  5%) free+waste,    20.63 KB ( <1%) overhead. 
       Both:     18.00 MB capacity,    17.52 MB ( 97%) used,   426.75 KB (  2%) free+waste,    61.69 KB ( <1%) overhead. 

Virtual space:
  Non-class space:       16.00 MB reserved,      15.75 MB ( 98%) committed 
      Class space:        1.00 GB reserved,       2.38 MB ( <1%) committed 
             Both:        1.02 GB reserved,      18.13 MB (  2%) committed 

Chunk freelists:
   Non-Class:  33.00 KB
       Class:  0 bytes
        Both:  33.00 KB

MaxMetaspaceSize: 17179869184.00 GB
CompressedClassSpaceSize: 1.00 GB

CodeHeap 'non-profiled nmethods': size=120000Kb used=837Kb max_used=837Kb free=119162Kb
 bounds [0x000001f8c89a0000, 0x000001f8c8c10000, 0x000001f8cfed0000]
CodeHeap 'profiled nmethods': size=120000Kb used=3924Kb max_used=3924Kb free=116075Kb
 bounds [0x000001f8c1470000, 0x000001f8c1850000, 0x000001f8c89a0000]
CodeHeap 'non-nmethods': size=5760Kb used=1260Kb max_used=1287Kb free=4499Kb
 bounds [0x000001f8c0ed0000, 0x000001f8c1140000, 0x000001f8c1470000]
 total_blobs=3222 nmethods=1916 adapters=452
 compilation: enabled
              stopped_count=0, restarted_count=0
 full_count=0

Compilation events (20 events):
Event: 2.591 Thread 0x000001f8d6d3e000 1907       3       java.lang.ProcessEnvironment$CheckedEntry::getKey (13 bytes)
Event: 2.591 Thread 0x000001f8d6d3e000 nmethod 1907 0x000001f8c183f510 code [0x000001f8c183f6c0, 0x000001f8c183f9a8]
Event: 2.592 Thread 0x000001f8d6d3e000 1908       3       java.lang.String::replace (42 bytes)
Event: 2.593 Thread 0x000001f8d6d3e000 nmethod 1908 0x000001f8c183fa90 code [0x000001f8c183fc60, 0x000001f8c183ff98]
Event: 2.598 Thread 0x000001f8d6d3e000 1909       3       jdk.internal.org.objectweb.asm.ClassWriter::<init> (7 bytes)
Event: 2.599 Thread 0x000001f8d6d3e000 nmethod 1909 0x000001f8c1840090 code [0x000001f8c1840240, 0x000001f8c18403a8]
Event: 2.599 Thread 0x000001f8d6d3e000 1911       3       jdk.internal.org.objectweb.asm.ClassWriter::visit (160 bytes)
Event: 2.600 Thread 0x000001f8d6d3e000 nmethod 1911 0x000001f8c1840490 code [0x000001f8c18406c0, 0x000001f8c1840f18]
Event: 2.600 Thread 0x000001f8d6d3e000 1912       3       java.util.regex.Pattern::append (43 bytes)
Event: 2.600 Thread 0x000001f8d6d3e000 nmethod 1912 0x000001f8c1841390 code [0x000001f8c18415a0, 0x000001f8c1841d38]
Event: 2.600 Thread 0x000001f8d6d3e000 1910       3       jdk.internal.org.objectweb.asm.ClassWriter::<init> (68 bytes)
Event: 2.601 Thread 0x000001f8d6d3e000 nmethod 1910 0x000001f8c1842010 code [0x000001f8c18421e0, 0x000001f8c18426a8]
Event: 2.662 Thread 0x000001f8d6d3e000 1914       3       java.lang.invoke.LambdaForm::useCount (90 bytes)
Event: 2.663 Thread 0x000001f8d6d3e000 nmethod 1914 0x000001f8c1842810 code [0x000001f8c18429e0, 0x000001f8c1842db8]
Event: 2.663 Thread 0x000001f8d6d3e000 1915       3       java.lang.invoke.LambdaForm::lastUseIndex (76 bytes)
Event: 2.663 Thread 0x000001f8d6d3e000 nmethod 1915 0x000001f8c1842f90 code [0x000001f8c1843140, 0x000001f8c1843468]
Event: 2.666 Thread 0x000001f8d6d3e000 1917       3       jdk.internal.org.objectweb.asm.Type::getTypeInternal (199 bytes)
Event: 2.667 Thread 0x000001f8d6d3e000 nmethod 1917 0x000001f8c1843610 code [0x000001f8c18438a0, 0x000001f8c18446e8]
Event: 2.667 Thread 0x000001f8d6d3e000 1918       3       jdk.internal.org.objectweb.asm.MethodWriter::visitFrameEnd (53 bytes)
Event: 2.668 Thread 0x000001f8d6d3e000 nmethod 1918 0x000001f8c1844b10 code [0x000001f8c1844ce0, 0x000001f8c18451e8]

GC Heap History (6 events):
Event: 1.049 GC heap before
{Heap before GC invocations=0 (full 0):
 garbage-first heap   total 126976K, used 13312K [0x0000000084e00000, 0x0000000100000000)
  region size 1024K, 13 young (13312K), 0 survivors (0K)
 Metaspace       used 5187K, capacity 6268K, committed 6400K, reserved 1056768K
  class space    used 579K, capacity 644K, committed 768K, reserved 1048576K
}
Event: 1.055 GC heap after
{Heap after GC invocations=1 (full 0):
 garbage-first heap   total 126976K, used 6494K [0x0000000084e00000, 0x0000000100000000)
  region size 1024K, 2 young (2048K), 2 survivors (2048K)
 Metaspace       used 5187K, capacity 6268K, committed 6400K, reserved 1056768K
  class space    used 579K, capacity 644K, committed 768K, reserved 1048576K
}
Event: 1.516 GC heap before
{Heap before GC invocations=1 (full 0):
 garbage-first heap   total 126976K, used 18782K [0x0000000084e00000, 0x0000000100000000)
  region size 1024K, 14 young (14336K), 2 survivors (2048K)
 Metaspace       used 8224K, capacity 8549K, committed 8832K, reserved 1056768K
  class space    used 951K, capacity 1051K, committed 1152K, reserved 1048576K
}
Event: 1.524 GC heap after
{Heap after GC invocations=2 (full 0):
 garbage-first heap   total 126976K, used 8094K [0x0000000084e00000, 0x0000000100000000)
  region size 1024K, 2 young (2048K), 2 survivors (2048K)
 Metaspace       used 8224K, capacity 8549K, committed 8832K, reserved 1056768K
  class space    used 951K, capacity 1051K, committed 1152K, reserved 1048576K
}
Event: 2.085 GC heap before
{Heap before GC invocations=2 (full 0):
 garbage-first heap   total 126976K, used 30622K [0x0000000084e00000, 0x0000000100000000)
  region size 1024K, 24 young (24576K), 2 survivors (2048K)
 Metaspace       used 13493K, capacity 13920K, committed 14080K, reserved 1060864K
  class space    used 1596K, capacity 1753K, committed 1792K, reserved 1048576K
}
Event: 2.091 GC heap after
{Heap after GC invocations=3 (full 0):
 garbage-first heap   total 126976K, used 9996K [0x0000000084e00000, 0x0000000100000000)
  region size 1024K, 2 young (2048K), 2 survivors (2048K)
 Metaspace       used 13493K, capacity 13920K, committed 14080K, reserved 1060864K
  class space    used 1596K, capacity 1753K, committed 1792K, reserved 1048576K
}

Deoptimization events (20 events):
Event: 2.463 Thread 0x000001f8b8742800 DEOPT PACKING pc=0x000001f8c8a1ef18 sp=0x00000082c59fe330
Event: 2.463 Thread 0x000001f8b8742800 DEOPT UNPACKING pc=0x000001f8c0f1912f sp=0x00000082c59fe1e8 mode 2
Event: 2.530 Thread 0x000001f8b8742800 DEOPT PACKING pc=0x000001f8c180a7e8 sp=0x00000082c59fc0b0
Event: 2.530 Thread 0x000001f8b8742800 DEOPT UNPACKING pc=0x000001f8c0f1964e sp=0x00000082c59fb5c0 mode 0
Event: 2.537 Thread 0x000001f8b8742800 Uncommon trap: trap_request=0xffffff45 fr.pc=0x000001f8c8a551cc relative=0x00000000000000ac
Event: 2.537 Thread 0x000001f8b8742800 Uncommon trap: reason=unstable_if action=reinterpret pc=0x000001f8c8a551cc method=java.lang.CharacterDataLatin1.isWhitespace(I)Z @ 14 c2
Event: 2.537 Thread 0x000001f8b8742800 DEOPT PACKING pc=0x000001f8c8a551cc sp=0x00000082c59fdce0
Event: 2.537 Thread 0x000001f8b8742800 DEOPT UNPACKING pc=0x000001f8c0f1912f sp=0x00000082c59fdc50 mode 2
Event: 2.539 Thread 0x000001f8b8742800 Uncommon trap: trap_request=0xffffff45 fr.pc=0x000001f8c8a240a0 relative=0x0000000000000260
Event: 2.539 Thread 0x000001f8b8742800 Uncommon trap: reason=unstable_if action=reinterpret pc=0x000001f8c8a240a0 method=java.io.ByteArrayInputStream.read()I @ 8 c2
Event: 2.539 Thread 0x000001f8b8742800 DEOPT PACKING pc=0x000001f8c8a240a0 sp=0x00000082c59fc100
Event: 2.539 Thread 0x000001f8b8742800 DEOPT UNPACKING pc=0x000001f8c0f1912f sp=0x00000082c59fc0b8 mode 2
Event: 2.583 Thread 0x000001f8b8742800 Uncommon trap: trap_request=0xffffff45 fr.pc=0x000001f8c8a09358 relative=0x0000000000000638
Event: 2.583 Thread 0x000001f8b8742800 Uncommon trap: reason=unstable_if action=reinterpret pc=0x000001f8c8a09358 method=java.lang.String.replace(CC)Ljava/lang/String; @ 2 c2
Event: 2.583 Thread 0x000001f8b8742800 DEOPT PACKING pc=0x000001f8c8a09358 sp=0x00000082c59fe0b0
Event: 2.583 Thread 0x000001f8b8742800 DEOPT UNPACKING pc=0x000001f8c0f1912f sp=0x00000082c59fe060 mode 2
Event: 2.602 Thread 0x000001f8d8d76800 Uncommon trap: trap_request=0xffffff45 fr.pc=0x000001f8c8a1e4b4 relative=0x00000000000000f4
Event: 2.602 Thread 0x000001f8d8d76800 Uncommon trap: reason=unstable_if action=reinterpret pc=0x000001f8c8a1e4b4 method=java.lang.CharacterDataLatin1.digit(II)I @ 12 c2
Event: 2.602 Thread 0x000001f8d8d76800 DEOPT PACKING pc=0x000001f8c8a1e4b4 sp=0x00000082c73fe880
Event: 2.602 Thread 0x000001f8d8d76800 DEOPT UNPACKING pc=0x000001f8c0f1912f sp=0x00000082c73fe7f8 mode 2

Classes unloaded (0 events):
No events

Classes redefined (0 events):
No events

Internal exceptions (20 events):
Event: 1.412 Thread 0x000001f8b8742800 Exception <a 'java/lang/IncompatibleClassChangeError'{0x000000008c1a5990}: Found class java.lang.Object, but interface was expected> (0x000000008c1a5990) 
thrown [t:/workspace/open/src/hotspot/share/interpreter/linkResolver.cpp, line 832]
Event: 1.413 Thread 0x000001f8b8742800 Exception <a 'java/lang/NoSuchMethodError'{0x000000008c1a8528}: 'void java.lang.invoke.DirectMethodHandle$Holder.invokeStaticInit(java.lang.Object, java.lang.Object)'> (0x000000008c1a8528) 
thrown [t:/workspace/open/src/hotspot/share/interpreter/linkResolver.cpp, line 766]
Event: 1.469 Thread 0x000001f8b8742800 Exception <a 'java/lang/NoSuchMethodError'{0x000000008bf41098}: 'void java.lang.invoke.DirectMethodHandle$Holder.invokeInterface(java.lang.Object, java.lang.Object)'> (0x000000008bf41098) 
thrown [t:/workspace/open/src/hotspot/share/interpreter/linkResolver.cpp, line 766]
Event: 1.516 Thread 0x000001f8b8742800 Exception <a 'java/lang/ClassNotFoundException'{0x000000008befecd0}: sun/util/logging/resources/spi/loggingProvider> (0x000000008befecd0) 
thrown [t:/workspace/open/src/hotspot/share/classfile/systemDictionary.cpp, line 226]
Event: 1.549 Thread 0x000001f8b8742800 Exception <a 'java/lang/NoSuchMethodError'{0x000000008c9dc2f8}: 'java.lang.Object java.lang.invoke.DirectMethodHandle$Holder.invokeInterface(java.lang.Object, java.lang.Object, java.lang.Object, java.lang.Object)'> (0x000000008c9dc2f8) 
thrown [t:/workspace/open/src/hotspot/share/interpreter/linkResolver.cpp, line 766]
Event: 1.562 Thread 0x000001f8b8742800 Exception <a 'java/lang/NoSuchMethodError'{0x000000008c835828}: 'java.lang.Object java.lang.invoke.DirectMethodHandle$Holder.invokeVirtual(java.lang.Object, java.lang.Object, java.lang.Object)'> (0x000000008c835828) 
thrown [t:/workspace/open/src/hotspot/share/interpreter/linkResolver.cpp, line 766]
Event: 1.575 Thread 0x000001f8b8742800 Exception <a 'java/lang/NoSuchMethodError'{0x000000008c8b6c58}: 'void java.lang.invoke.DirectMethodHandle$Holder.invokeVirtual(java.lang.Object, java.lang.Object, java.lang.Object, java.lang.Object)'> (0x000000008c8b6c58) 
thrown [t:/workspace/open/src/hotspot/share/interpreter/linkResolver.cpp, line 766]
Event: 1.591 Thread 0x000001f8b8742800 Exception <a 'java/lang/NoClassDefFoundError'{0x000000008c749af0}: org/slf4j/impl/StaticLoggerBinder> (0x000000008c749af0) 
thrown [t:/workspace/open/src/hotspot/share/classfile/systemDictionary.cpp, line 215]
Event: 1.799 Thread 0x000001f8b8742800 Exception <a 'sun/nio/fs/WindowsException'{0x000000008c14b838}> (0x000000008c14b838) 
thrown [t:/workspace/open/src/hotspot/share/prims/jni.cpp, line 599]
Event: 1.800 Thread 0x000001f8b8742800 Exception <a 'java/lang/NoSuchMethodError'{0x000000008c14d120}: 'int java.lang.invoke.DirectMethodHandle$Holder.invokeSpecialIFC(java.lang.Object, java.lang.Object, int)'> (0x000000008c14d120) 
thrown [t:/workspace/open/src/hotspot/share/interpreter/linkResolver.cpp, line 766]
Event: 2.008 Thread 0x000001f8b8742800 Exception <a 'java/lang/ArrayIndexOutOfBoundsException'{0x000000008b7a5db8}: Index 1 out of bounds for length 1> (0x000000008b7a5db8) 
thrown [t:/workspace/open/src/hotspot/share/interpreter/interpreterRuntime.cpp, line 458]
Event: 2.192 Thread 0x000001f8b8742800 Exception <a 'java/lang/ArrayIndexOutOfBoundsException'{0x000000008c544fe0}: Index 1 out of bounds for length 1> (0x000000008c544fe0) 
thrown [t:/workspace/open/src/hotspot/share/interpreter/interpreterRuntime.cpp, line 458]
Event: 2.203 Thread 0x000001f8b8742800 Exception <a 'java/lang/NoSuchMethodError'{0x000000008c5701f8}: 'int java.lang.invoke.DirectMethodHandle$Holder.invokeStatic(java.lang.Object, java.lang.Object, java.lang.Object, java.lang.Object, java.lang.Object)'> (0x000000008c5701f8) 
thrown [t:/workspace/open/src/hotspot/share/interpreter/linkResolver.cpp, line 766]
Event: 2.216 Thread 0x000001f8b8742800 Exception <a 'java/lang/NoSuchMethodError'{0x000000008c5b08c0}: 'int java.lang.invoke.DirectMethodHandle$Holder.invokeInterface(java.lang.Object, java.lang.Object)'> (0x000000008c5b08c0) 
thrown [t:/workspace/open/src/hotspot/share/interpreter/linkResolver.cpp, line 766]
Event: 2.216 Thread 0x000001f8b8742800 Exception <a 'java/lang/IncompatibleClassChangeError'{0x000000008c5b3690}: Found class java.lang.Object, but interface was expected> (0x000000008c5b3690) 
thrown [t:/workspace/open/src/hotspot/share/interpreter/linkResolver.cpp, line 832]
Event: 2.464 Thread 0x000001f8b8742800 Exception <a 'java/net/SocketException'{0x000000008bc20bf8}: Socket is not connected: shutdown> (0x000000008bc20bf8) 
thrown [t:/workspace/open/src/hotspot/share/prims/jni.cpp, line 620]
Event: 2.662 Thread 0x000001f8d8b96000 Exception <a 'java/lang/NoSuchMethodError'{0x000000008b80fc50}: 'void java.lang.invoke.DirectMethodHandle$Holder.invokeStatic(java.lang.Object, long)'> (0x000000008b80fc50) 
thrown [t:/workspace/open/src/hotspot/share/interpreter/linkResolver.cpp, line 766]
Event: 2.665 Thread 0x000001f8d8b96000 Exception <a 'java/lang/NoSuchMethodError'{0x000000008b8170e0}: 'java.lang.Object java.lang.invoke.DirectMethodHandle$Holder.invokeStatic(java.lang.Object, java.lang.Object, long, java.lang.Object)'> (0x000000008b8170e0) 
thrown [t:/workspace/open/src/hotspot/share/interpreter/linkResolver.cpp, line 766]
Event: 2.666 Thread 0x000001f8d8b96000 Exception <a 'java/lang/NoSuchMethodError'{0x000000008b819dd0}: 'java.lang.Object java.lang.invoke.DirectMethodHandle$Holder.invokeStaticInit(java.lang.Object, java.lang.Object, long, java.lang.Object)'> (0x000000008b819dd0) 
thrown [t:/workspace/open/src/hotspot/share/interpreter/linkResolver.cpp, line 766]
Event: 2.666 Thread 0x000001f8d8b96000 Exception <a 'java/lang/NoSuchMethodError'{0x000000008b81f1f0}: 'java.lang.Object java.lang.invoke.Invokers$Holder.linkToTargetMethod(java.lang.Object, long, java.lang.Object)'> (0x000000008b81f1f0) 
thrown [t:/workspace/open/src/hotspot/share/interpreter/linkResolver.cpp, line 766]

Events (20 events):
Event: 2.664 Executing VM operation: HandshakeOneThread
Event: 2.664 Executing VM operation: HandshakeOneThread done
Event: 2.665 Executing VM operation: HandshakeOneThread
Event: 2.665 Executing VM operation: HandshakeOneThread done
Event: 2.665 Executing VM operation: HandshakeOneThread
Event: 2.665 Executing VM operation: HandshakeOneThread done
Event: 2.667 Executing VM operation: HandshakeOneThread
Event: 2.667 Executing VM operation: HandshakeOneThread done
Event: 2.667 loading class java/lang/ProcessImpl$2
Event: 2.667 loading class java/lang/ProcessImpl$2 done
Event: 2.667 loading class java/lang/Process$PipeInputStream
Event: 2.667 loading class java/lang/Process$PipeInputStream done
Event: 2.667 loading class java/io/FileOutputStream$1
Event: 2.667 loading class java/io/FileOutputStream$1 done
Event: 2.667 loading class java/io/PipedOutputStream
Event: 2.668 loading class java/io/PipedOutputStream done
Event: 2.668 Executing VM operation: HandshakeOneThread
Event: 2.668 Executing VM operation: HandshakeOneThread done
Event: 2.669 Thread 0x000001f8d8d77000 Thread added: 0x000001f8d8d77000
Event: 2.669 Thread 0x000001f8d8ab5800 Thread added: 0x000001f8d8ab5800


Dynamic libraries:
0x00007ff613720000 - 0x00007ff61372f000 	C:\Program Files\Java\jdk-14\bin\javaw.exe
0x00007ffae2480000 - 0x00007ffae2670000 	C:\Windows\SYSTEM32\ntdll.dll
0x00007ffab7f40000 - 0x00007ffab7f53000 	C:\Program Files\AVG\Antivirus\aswhook.dll
0x00007ffae16a0000 - 0x00007ffae1752000 	C:\Windows\System32\KERNEL32.DLL
0x00007ffadf5f0000 - 0x00007ffadf893000 	C:\Windows\System32\KERNELBASE.dll
0x00007ffadf470000 - 0x00007ffadf56a000 	C:\Windows\System32\ucrtbase.dll
0x00007ffadb150000 - 0x00007ffadb168000 	C:\Program Files\Java\jdk-14\bin\jli.dll
0x00007ffae1eb0000 - 0x00007ffae1f53000 	C:\Windows\System32\ADVAPI32.dll
0x00007ffae20d0000 - 0x00007ffae216e000 	C:\Windows\System32\msvcrt.dll
0x00007ffae1f60000 - 0x00007ffae1ff7000 	C:\Windows\System32\sechost.dll
0x00007ffae09d0000 - 0x00007ffae0af0000 	C:\Windows\System32\RPCRT4.dll
0x00007ffae2280000 - 0x00007ffae2414000 	C:\Windows\System32\USER32.dll
0x00007ffadfa60000 - 0x00007ffadfa81000 	C:\Windows\System32\win32u.dll
0x00007ffae0c40000 - 0x00007ffae0c66000 	C:\Windows\System32\GDI32.dll
0x00007ffae0360000 - 0x00007ffae04f4000 	C:\Windows\System32\gdi32full.dll
0x00007ffae02c0000 - 0x00007ffae035e000 	C:\Windows\System32\msvcp_win.dll
0x00007ffad87c0000 - 0x00007ffad87d5000 	C:\Program Files\Java\jdk-14\bin\VCRUNTIME140.dll
0x00007ffac2100000 - 0x00007ffac2385000 	C:\Windows\WinSxS\amd64_microsoft.windows.common-controls_6595b64144ccf1df_6.0.18362.720_none_e6beb5c51314836b\COMCTL32.dll
0x00007ffae0530000 - 0x00007ffae0866000 	C:\Windows\System32\combase.dll
0x00007ffadf570000 - 0x00007ffadf5f0000 	C:\Windows\System32\bcryptPrimitives.dll
0x00007ffad5f00000 - 0x00007ffad5f0a000 	C:\Windows\SYSTEM32\VERSION.dll
0x00007ffae1760000 - 0x00007ffae178e000 	C:\Windows\System32\IMM32.DLL
0x00007ffac7290000 - 0x00007ffac732b000 	C:\Program Files\Java\jdk-14\bin\msvcp140.dll
0x00007ffa80880000 - 0x00007ffa8139f000 	C:\Program Files\Java\jdk-14\bin\server\jvm.dll
0x00007ffae2430000 - 0x00007ffae2438000 	C:\Windows\System32\PSAPI.DLL
0x00007ffad2fa0000 - 0x00007ffad2fa9000 	C:\Windows\SYSTEM32\WSOCK32.dll
0x00007ffae0f90000 - 0x00007ffae0fff000 	C:\Windows\System32\WS2_32.dll
0x00007ffadc000000 - 0x00007ffadc024000 	C:\Windows\SYSTEM32\WINMM.dll
0x00007ffadbfd0000 - 0x00007ffadbffd000 	C:\Windows\SYSTEM32\WINMMBASE.dll
0x00007ffadfa10000 - 0x00007ffadfa5a000 	C:\Windows\System32\cfgmgr32.dll
0x00007ffadf3f0000 - 0x00007ffadf401000 	C:\Windows\System32\kernel.appcore.dll
0x00007ffadb060000 - 0x00007ffadb06a000 	C:\Program Files\Java\jdk-14\bin\jimage.dll
0x00007ffad4ef0000 - 0x00007ffad50e4000 	C:\Windows\SYSTEM32\DBGHELP.DLL
0x00007ffad4ec0000 - 0x00007ffad4eea000 	C:\Windows\SYSTEM32\dbgcore.DLL
0x00007ffacd330000 - 0x00007ffacd355000 	C:\Program Files\Java\jdk-14\bin\java.dll
0x00007ffad87e0000 - 0x00007ffad87f7000 	C:\Program Files\Java\jdk-14\bin\zip.dll
0x00007ffae17c0000 - 0x00007ffae1ea5000 	C:\Windows\System32\SHELL32.dll
0x00007ffae2170000 - 0x00007ffae2219000 	C:\Windows\System32\shcore.dll
0x00007ffadfa90000 - 0x00007ffae0210000 	C:\Windows\System32\windows.storage.dll
0x00007ffadf3c0000 - 0x00007ffadf3e3000 	C:\Windows\System32\profapi.dll
0x00007ffadf370000 - 0x00007ffadf3ba000 	C:\Windows\System32\powrprof.dll
0x00007ffadf340000 - 0x00007ffadf350000 	C:\Windows\System32\UMPDC.dll
0x00007ffae2220000 - 0x00007ffae2272000 	C:\Windows\System32\shlwapi.dll
0x00007ffadf9f0000 - 0x00007ffadfa07000 	C:\Windows\System32\cryptsp.dll
0x00007ffab8480000 - 0x00007ffab8499000 	C:\Program Files\Java\jdk-14\bin\net.dll
0x00007ffad3620000 - 0x00007ffad3711000 	C:\Windows\SYSTEM32\WINHTTP.dll
0x00007ffadebb0000 - 0x00007ffadec17000 	C:\Windows\system32\mswsock.dll
0x00007ffab8460000 - 0x00007ffab8472000 	C:\Program Files\Java\jdk-14\bin\nio.dll
0x00007ffade900000 - 0x00007ffade9ca000 	C:\Windows\SYSTEM32\DNSAPI.dll
0x00007ffae1790000 - 0x00007ffae1798000 	C:\Windows\System32\NSI.dll
0x00007ffade8c0000 - 0x00007ffade8fa000 	C:\Windows\SYSTEM32\IPHLPAPI.DLL
0x00007ffad45b0000 - 0x00007ffad45ba000 	C:\Windows\System32\rasadhlp.dll
0x00007ffad4b40000 - 0x00007ffad4bb7000 	C:\Windows\System32\fwpuclnt.dll
0x00007ffae0500000 - 0x00007ffae0526000 	C:\Windows\System32\bcrypt.dll
0x00007ffade720000 - 0x00007ffade753000 	C:\Windows\system32\rsaenh.dll
0x00007ffadf260000 - 0x00007ffadf285000 	C:\Windows\SYSTEM32\USERENV.dll
0x00007ffaded80000 - 0x00007ffaded8c000 	C:\Windows\SYSTEM32\CRYPTBASE.dll
0x00007ffad4c40000 - 0x00007ffad4c56000 	C:\Windows\SYSTEM32\dhcpcsvc6.DLL
0x00007ffad4d30000 - 0x00007ffad4d4c000 	C:\Windows\SYSTEM32\dhcpcsvc.DLL
0x00007ffad8820000 - 0x00007ffad8830000 	C:\Program Files\Java\jdk-14\bin\verify.dll
0x00007ffad8120000 - 0x00007ffad8129000 	C:\Program Files\Java\jdk-14\bin\prefs.dll
0x00007ffadbfa0000 - 0x00007ffadbfc5000 	C:\Program Files\Java\jdk-14\bin\sunec.dll
0x00007ffad8110000 - 0x00007ffad8119000 	C:\Program Files\Java\jdk-14\bin\management.dll
0x00007ffad1670000 - 0x00007ffad167b000 	C:\Program Files\Java\jdk-14\bin\management_ext.dll
0x00007ffacd800000 - 0x00007ffacd816000 	C:\Windows\system32\napinsp.dll
0x00007ffacd4c0000 - 0x00007ffacd4da000 	C:\Windows\system32\pnrpnsp.dll
0x00007ffacd4b0000 - 0x00007ffacd4be000 	C:\Windows\System32\winrnr.dll
0x00007ffadbe70000 - 0x00007ffadbe8c000 	C:\Windows\system32\NLAapi.dll
0x00007ffad9590000 - 0x00007ffad95a5000 	C:\Windows\system32\wshbth.dll
0x00007ffadbf10000 - 0x00007ffadbf1e000 	C:\Program Files\Java\jdk-14\bin\sunmscapi.dll
0x00007ffadf8a0000 - 0x00007ffadf9e9000 	C:\Windows\System32\CRYPT32.dll
0x00007ffadf350000 - 0x00007ffadf362000 	C:\Windows\System32\MSASN1.dll
0x00007ffadee80000 - 0x00007ffadeea6000 	C:\Windows\SYSTEM32\ncrypt.dll
0x00007ffadee40000 - 0x00007ffadee7b000 	C:\Windows\SYSTEM32\NTASN1.dll

dbghelp: loaded successfully - version: 4.0.5 - missing functions: none
symbol engine: initialized successfully - sym options: 0x614 - pdb path: .;C:\Program Files\Java\jdk-14\bin;C:\Windows\SYSTEM32;C:\Program Files\AVG\Antivirus;C:\Windows\WinSxS\amd64_microsoft.windows.common-controls_6595b64144ccf1df_6.0.18362.720_none_e6beb5c51314836b;C:\Program Files\Java\jdk-14\bin\server

VM Arguments:
jvm_args: -ea -Dfile.encoding=Cp1252 
java_command: org.testng.remote.RemoteTestNG -serport 54349 -protocol json -d C:\Users\LENOVO\eclipse-workspace\BennettWebFramework\test-output C:\Users\LENOVO\AppData\Local\Temp\testng-eclipse-2130219082\testng-customsuite.xml
java_class_path (initial): C:\Users\LENOVO\eclipse\jee-2020-03\eclipse\configuration\org.eclipse.osgi\999\0\.cp\lib\testng-remote.jar;C:\Users\LENOVO\eclipse-workspace\BennettWebFramework\target\test-classes;C:\Users\LENOVO\eclipse-workspace\BennettWebFramework\target\classes;C:\Users\LENOVO\.p2\pool\plugins\org.testng_7.1.0.r202001120626.jar;C:\Users\LENOVO\.p2\pool\plugins\com.beust.jcommander_1.72.0.jar;C:\Users\LENOVO\.p2\pool\plugins\org.apache-extras.beanshell.bsh_2.0.0.b6.jar;C:\Users\LENOVO\.p2\pool\plugins\org.yaml.snakeyaml_1.21.0.jar;C:\Users\LENOVO\.m2\repository\org\seleniumhq\selenium\selenium-java\3.14.0\selenium-java-3.14.0.jar;C:\Users\LENOVO\.m2\repository\org\seleniumhq\selenium\selenium-api\3.14.0\selenium-api-3.14.0.jar;C:\Users\LENOVO\.m2\repository\org\seleniumhq\selenium\selenium-chrome-driver\3.14.0\selenium-chrome-driver-3.14.0.jar;C:\Users\LENOVO\.m2\repository\org\seleniumhq\selenium\selenium-edge-driver\3.14.0\selenium-edge-driver-3.14.0.jar;C:\Users\LENOVO\.m2\repository\org\seleniumhq\selenium\selenium-firefox-driver\3.14.0\selenium-firefox-driver-3.14.0.jar;C:\Users\LENOVO\.m2\repository\org\seleniumhq\selenium\selenium-ie-driver\3.14.0\selenium-ie-driver-3.14.0.jar;C:\Users\LENOVO\.m2\repository\org\seleniumhq\selenium\selenium-opera-driver\3.14.0\selenium-opera-driver-3.14.0.jar;C:\Users\LENOVO\.m2\repository\org\seleniumhq\selenium\selenium-remote-driver\3.14.0\selenium-remote-driver-3.14.0.jar;C:\Users\LENOVO\.m2\repository\org\seleniumhq\selenium\selenium-safari-driver\3.14.0\selenium-safari-driver-3.14.0.jar;C:\Users\LENOVO\.m2\repository\org\seleniumhq\selenium\selenium-support\3.14.0\selenium-support-3.14.0.jar;C:\Users\LENOVO\.m2\repository\net\bytebuddy\byte-buddy\1.8.15\byte-buddy-1.8.15.jar;C:\Users\LENOVO\.m2\repository\org\apache\commons\commons-exec\1.3\commons-exec-1.3.jar;C:\Users\LENOVO\.m2\repository\commons-codec\commons-codec\1.10\commons-codec-1.10.jar;C:\Users\LENOVO\.m2\repository\commons-logging\commons-logg
Launcher Type: SUN_STANDARD

[Global flags]
     intx CICompilerCount                          = 3                                         {product} {ergonomic}
     uint ConcGCThreads                            = 1                                         {product} {ergonomic}
     uint G1ConcRefinementThreads                  = 4                                         {product} {ergonomic}
   size_t G1HeapRegionSize                         = 1048576                                   {product} {ergonomic}
    uintx GCDrainStackTargetSize                   = 64                                        {product} {ergonomic}
   size_t InitialHeapSize                          = 130023424                                 {product} {ergonomic}
   size_t MarkStackSize                            = 4194304                                   {product} {ergonomic}
   size_t MaxHeapSize                              = 2065694720                                {product} {ergonomic}
   size_t MaxNewSize                               = 1239416832                                {product} {ergonomic}
   size_t MinHeapDeltaBytes                        = 1048576                                   {product} {ergonomic}
   size_t MinHeapSize                              = 8388608                                   {product} {ergonomic}
    uintx NonNMethodCodeHeapSize                   = 5832780                                {pd product} {ergonomic}
    uintx NonProfiledCodeHeapSize                  = 122912730                              {pd product} {ergonomic}
    uintx ProfiledCodeHeapSize                     = 122912730                              {pd product} {ergonomic}
    uintx ReservedCodeCacheSize                    = 251658240                              {pd product} {ergonomic}
     bool SegmentedCodeCache                       = true                                      {product} {ergonomic}
   size_t SoftMaxHeapSize                          = 2065694720                             {manageable} {ergonomic}
     bool UseCompressedClassPointers               = true                                 {lp64_product} {ergonomic}
     bool UseCompressedOops                        = true                                 {lp64_product} {ergonomic}
     bool UseG1GC                                  = true                                      {product} {ergonomic}
     bool UseLargePagesIndividualAllocation        = false                                  {pd product} {ergonomic}

Logging:
Log output configuration:
 #0: stdout all=warning uptime,level,tags
 #1: stderr all=off uptime,level,tags

Environment Variables:
JAVA_HOME=C:\Program Files\Java\jdk-14
PATH=C:/Program Files/Java/jdk-14/bin/server;C:/Program Files/Java/jdk-14/bin;C:\Windows\system32;C:\Windows;C:\Windows\System32\Wbem;C:\Windows\System32\WindowsPowerShell\v1.0\;C:\Windows\System32\OpenSSH\;C:\Program Files\Java\jdk-14\bin;C:\Program Files\nodejs\;C:\Program Files\Git\cmd;C:\Users\LENOVO\AppData\Local\Microsoft\WindowsApps;C:\Users\LENOVO\AppData\Roaming\npm;C:\Users\LENOVO\eclipse\jee-2020-03\eclipse;
USERNAME=LENOVO
OS=Windows_NT
PROCESSOR_IDENTIFIER=Intel64 Family 6 Model 69 Stepping 1, GenuineIntel



---------------  S Y S T E M  ---------------

OS: Windows 10 , 64 bit Build 18362 (10.0.18362.329)
OS uptime: 0 days 3:54 hours

CPU:total 4 (initial active 4) (2 cores per cpu, 2 threads per core) family 6 model 69 stepping 1, cmov, cx8, fxsr, mmx, sse, sse2, sse3, ssse3, sse4.1, sse4.2, popcnt, avx, avx2, aes, clmul, erms, lzcnt, ht, tsc, tscinvbit, bmi1, bmi2, fma

Memory: 4k page, system-wide physical 7878M (974M free)
TotalPageFile size 21173M (AvailPageFile size 7M)
current process WorkingSet (physical memory assigned to process): 113M, peak: 113M
current process commit charge ("private bytes"): 239M, peak: 240M

vm_info: Java HotSpot(TM) 64-Bit Server VM (14+36-1461) for windows-amd64 JRE (14+36-1461), built on Feb  6 2020 19:08:04 by "mach5one" with MS VC++ 15.9 (VS2017)

END.
